2025-04-12 10:51:44,083 - INFO - Test message
2025-04-12 10:51:44,099 - INFO - Use pytorch device_name: cuda
2025-04-12 10:51:44,100 - INFO - Load pretrained SentenceTransformer: all-MiniLM-L6-v2
2025-04-12 10:51:44,198 - DEBUG - https://huggingface.co:443 "HEAD /sentence-transformers/all-MiniLM-L6-v2/resolve/main/modules.json HTTP/11" 200 0
2025-04-12 10:51:44,295 - DEBUG - https://huggingface.co:443 "HEAD /sentence-transformers/all-MiniLM-L6-v2/resolve/main/config_sentence_transformers.json HTTP/11" 200 0
2025-04-12 10:51:44,424 - DEBUG - https://huggingface.co:443 "HEAD /sentence-transformers/all-MiniLM-L6-v2/resolve/main/README.md HTTP/11" 200 0
2025-04-12 10:51:44,528 - DEBUG - https://huggingface.co:443 "HEAD /sentence-transformers/all-MiniLM-L6-v2/resolve/main/modules.json HTTP/11" 200 0
2025-04-12 10:51:44,629 - DEBUG - https://huggingface.co:443 "HEAD /sentence-transformers/all-MiniLM-L6-v2/resolve/main/sentence_bert_config.json HTTP/11" 200 0
2025-04-12 10:51:44,735 - DEBUG - https://huggingface.co:443 "HEAD /sentence-transformers/all-MiniLM-L6-v2/resolve/main/adapter_config.json HTTP/11" 404 0
2025-04-12 10:51:44,839 - DEBUG - https://huggingface.co:443 "HEAD /sentence-transformers/all-MiniLM-L6-v2/resolve/main/config.json HTTP/11" 200 0
2025-04-12 10:51:45,344 - DEBUG - https://huggingface.co:443 "HEAD /sentence-transformers/all-MiniLM-L6-v2/resolve/main/tokenizer_config.json HTTP/11" 200 0
2025-04-12 10:51:45,475 - DEBUG - https://huggingface.co:443 "GET /api/models/sentence-transformers/all-MiniLM-L6-v2/revision/main HTTP/11" 200 6757
2025-04-12 10:51:45,606 - DEBUG - https://huggingface.co:443 "GET /api/models/sentence-transformers/all-MiniLM-L6-v2 HTTP/11" 200 6757
2025-04-12 10:51:45,663 - DEBUG - Environment variable FAISS_OPT_LEVEL is not set, so let's pick the instruction set according to the current CPU
2025-04-12 10:51:45,664 - INFO - Loading faiss with AVX512 support.
2025-04-12 10:51:45,711 - INFO - Successfully loaded faiss with AVX512 support.
2025-04-12 10:51:45,857 - DEBUG - https://huggingface.co:443 "HEAD /bert-base-uncased/resolve/main/tokenizer_config.json HTTP/11" 200 0
2025-04-12 10:51:45,998 - DEBUG - https://huggingface.co:443 "HEAD /nomic-ai/nomic-embed-text-v1/resolve/main/config.json HTTP/11" 200 0
2025-04-12 10:51:46,094 - DEBUG - https://huggingface.co:443 "HEAD /nomic-ai/nomic-bert-2048/resolve/main/configuration_hf_nomic_bert.py HTTP/11" 200 0
2025-04-12 10:51:46,250 - DEBUG - https://huggingface.co:443 "HEAD /nomic-ai/nomic-bert-2048/resolve/main/modeling_hf_nomic_bert.py HTTP/11" 200 0
2025-04-12 10:51:46,479 - WARNING - !!!!!!!!!!!!megablocks not available, using torch.matmul instead
2025-04-12 10:51:48,088 - DEBUG - https://huggingface.co:443 "HEAD /nomic-ai/nomic-embed-text-v1/resolve/main/pytorch_model.bin HTTP/11" 302 0
2025-04-12 10:51:48,522 - WARNING - <All keys matched successfully>
2025-04-12 10:51:48,577 - DEBUG - Using selector: EpollSelector
2025-04-12 10:51:48,579 - INFO - SimulationServer: ZMQ connections established and ready for commands
